<?xml version="1.0" encoding="UTF-8"?>
<!-- Generated by org.testng.reporters.JUnitReportReporter -->
<testsuite hostname="mohan" name="utils.ExcelReadTest" tests="2" failures="0" timestamp="16 Nov 2019 10:38:27 GMT" time="0.016" errors="0">
  <testcase name="testngclass" time="0.000" classname="utils.ExcelReadTest"/>
  <testcase name="testngclass" time="0.016" classname="utils.ExcelReadTest"/>
</testsuite> <!-- utils.ExcelReadTest -->
