<?xml version="1.0" encoding="UTF-8"?>
<!-- Generated by org.testng.reporters.JUnitReportReporter -->
<testsuite hostname="mohan" name="Gmail.AccountLogin" tests="1" failures="0" timestamp="13 Nov 2019 12:53:34 GMT" time="10.111" errors="0">
  <testcase name="GmailLogin" time="10.111" classname="Gmail.AccountLogin"/>
</testsuite> <!-- Gmail.AccountLogin -->
