<?xml version="1.0" encoding="UTF-8"?>
<!-- Generated by org.testng.reporters.JUnitReportReporter -->
<testsuite hostname="mohan" name="test.ScreenShot" tests="1" failures="0" timestamp="18 Nov 2019 14:36:01 GMT" time="17.101" errors="0">
  <testcase name="screenshot" time="17.101" classname="test.ScreenShot"/>
</testsuite> <!-- test.ScreenShot -->
