<?xml version="1.0" encoding="UTF-8"?>
<!-- Generated by org.testng.reporters.JUnitReportReporter -->
<testsuite hostname="mohan" name="RadioButton.ButtonTest" tests="1" failures="0" timestamp="22 Nov 2019 06:23:46 GMT" time="2.260" errors="0">
  <testcase name="radioButtonsTest" time="2.260" classname="RadioButton.ButtonTest"/>
</testsuite> <!-- RadioButton.ButtonTest -->
