<?xml version="1.0" encoding="UTF-8"?>
<!-- Generated by org.testng.reporters.JUnitReportReporter -->
<testsuite hostname="mohan" name="TESTNG_DEMO.TESTNG" tests="2" failures="0" timestamp="13 Nov 2019 03:56:25 GMT" time="0.024" errors="0">
  <testcase name="registration" time="0.005" classname="TESTNG_DEMO.TESTNG"/>
  <testcase name="loginTest" time="0.019" classname="TESTNG_DEMO.TESTNG"/>
</testsuite> <!-- TESTNG_DEMO.TESTNG -->
