<?xml version="1.0" encoding="UTF-8"?>
<!-- Generated by org.testng.reporters.JUnitReportReporter -->
<testsuite hostname="mohan" name="test.gumtreeloginTest" tests="1" failures="0" timestamp="19 Nov 2019 05:24:23 GMT" time="52.257" errors="0">
  <testcase name="test" time="52.257" classname="test.gumtreeloginTest"/>
</testsuite> <!-- test.gumtreeloginTest -->
