<?xml version="1.0" encoding="UTF-8"?>
<!-- Generated by org.testng.reporters.JUnitReportReporter -->
<testsuite hostname="mohan" name="AdvancedSeleniumPrograms.DrapandDrop" tests="1" failures="0" timestamp="22 Nov 2019 04:53:37 GMT" time="0.627" errors="0">
  <testcase name="dragandDropTest" time="0.627" classname="AdvancedSeleniumPrograms.DrapandDrop"/>
</testsuite> <!-- AdvancedSeleniumPrograms.DrapandDrop -->
