<?xml version="1.0" encoding="UTF-8"?>
<!-- Generated by org.testng.reporters.JUnitReportReporter -->
<testsuite hostname="mohan" name="Cookie.CookieTesting" tests="1" failures="0" timestamp="22 Nov 2019 06:07:52 GMT" time="12.856" errors="0">
  <testcase name="cookiesTest" time="12.856" classname="Cookie.CookieTesting"/>
</testsuite> <!-- Cookie.CookieTesting -->
