<?xml version="1.0" encoding="UTF-8"?>
<!-- Generated by org.testng.reporters.JUnitReportReporter -->
<testsuite hostname="mohan" name="Excel.RegisterLink" tests="1" failures="0" timestamp="22 Nov 2019 06:52:21 GMT" time="7.775" errors="0">
  <testcase name="linksTest" time="7.775" classname="Excel.RegisterLink"/>
</testsuite> <!-- Excel.RegisterLink -->
